<?xml version="1.0" encoding="UTF-8"?>
<testng-results skipped="0" failed="0" total="1" passed="1">
  <reporter-output>
  </reporter-output>
  <suite name="Default suite" duration-ms="13357" started-at="2017-11-23T18:20:23Z" finished-at="2017-11-23T18:20:36Z">
    <groups>
    </groups>
    <test name="Default test" duration-ms="13357" started-at="2017-11-23T18:20:23Z" finished-at="2017-11-23T18:20:36Z">
      <class name="com.rameshsoft.businessScript.OwnClass">
        <test-method status="PASS" signature="openBrowser(java.lang.String)[pri:0, instance:com.rameshsoft.businessScript.OwnClass@589838eb]" name="openBrowser" is-config="true" duration-ms="14510" started-at="2017-11-23T23:50:08Z" finished-at="2017-11-23T23:50:23Z">
          <params>
            <param index="0">
              <value>
                <![CDATA[firefox]]>
              </value>
            </param>
          </params>
          <reporter-output>
          </reporter-output>
        </test-method> <!-- openBrowser -->
        <test-method status="PASS" signature="reportstatus(java.lang.reflect.Method)[pri:0, instance:com.rameshsoft.businessScript.OwnClass@589838eb]" name="reportstatus" is-config="true" duration-ms="15" started-at="2017-11-23T23:50:23Z" finished-at="2017-11-23T23:50:23Z">
          <params>
            <param index="0">
              <value>
                <![CDATA[public void com.rameshsoft.businessScript.OwnClass.m1() throws java.io.IOException,org.apache.poi.EncryptedDocumentException,org.apache.poi.openxml4j.exceptions.InvalidFormatException]]>
              </value>
            </param>
          </params>
          <reporter-output>
          </reporter-output>
        </test-method> <!-- reportstatus -->
        <test-method status="PASS" signature="m1()[pri:0, instance:com.rameshsoft.businessScript.OwnClass@589838eb]" name="m1" duration-ms="12262" started-at="2017-11-23T23:50:23Z" finished-at="2017-11-23T23:50:35Z">
          <reporter-output>
          </reporter-output>
        </test-method> <!-- m1 -->
        <test-method status="PASS" signature="closetest()[pri:0, instance:com.rameshsoft.businessScript.OwnClass@589838eb]" name="closetest" is-config="true" duration-ms="1033" started-at="2017-11-23T23:50:35Z" finished-at="2017-11-23T23:50:36Z">
          <reporter-output>
          </reporter-output>
        </test-method> <!-- closetest -->
        <test-method status="PASS" signature="afterSuite()[pri:0, instance:com.rameshsoft.businessScript.OwnClass@589838eb]" name="afterSuite" is-config="true" duration-ms="1489" started-at="2017-11-23T23:50:36Z" finished-at="2017-11-23T23:50:38Z">
          <reporter-output>
          </reporter-output>
        </test-method> <!-- afterSuite -->
      </class> <!-- com.rameshsoft.businessScript.OwnClass -->
    </test> <!-- Default test -->
  </suite> <!-- Default suite -->
</testng-results>
